0 info it worked if it ends with ok
1 verbose cli [ '/usr/local/Cellar/node/6.6.0/bin/node',
1 verbose cli   '/usr/local/bin/npm',
1 verbose cli   'run',
1 verbose cli   'server' ]
2 info using npm@3.10.7
3 info using node@v6.6.0
4 verbose run-script [ 'preserver', 'server', 'postserver' ]
5 info lifecycle fem-ng2-ngrx-app@0.0.1~preserver: fem-ng2-ngrx-app@0.0.1
6 silly lifecycle fem-ng2-ngrx-app@0.0.1~preserver: no script for preserver, continuing
7 info lifecycle fem-ng2-ngrx-app@0.0.1~server: fem-ng2-ngrx-app@0.0.1
8 verbose lifecycle fem-ng2-ngrx-app@0.0.1~server: unsafe-perm in lifecycle true
9 verbose lifecycle fem-ng2-ngrx-app@0.0.1~server: PATH: /usr/local/lib/node_modules/npm/bin/node-gyp-bin:/Users/sam/Documents/App/ng2-ngrx-app/node_modules/.bin:/usr/local/lib/node_modules/npm/bin/node-gyp-bin:/Users/sam/Documents/App/ng2-ngrx-app/node_modules/.bin:/usr/local/Cellar/node/6.6.0/bin:/usr/local/bin:/usr/bin:/bin:/usr/sbin:/sbin
10 verbose lifecycle fem-ng2-ngrx-app@0.0.1~server: CWD: /Users/sam/Documents/App/ng2-ngrx-app
11 silly lifecycle fem-ng2-ngrx-app@0.0.1~server: Args: [ '-c', 'json-server --watch server/api/db.json' ]
12 silly lifecycle fem-ng2-ngrx-app@0.0.1~server: Returned: code: 1  signal: null
13 info lifecycle fem-ng2-ngrx-app@0.0.1~server: Failed to exec server script
14 verbose stack Error: fem-ng2-ngrx-app@0.0.1 server: `json-server --watch server/api/db.json`
14 verbose stack Exit status 1
14 verbose stack     at EventEmitter.<anonymous> (/usr/local/lib/node_modules/npm/lib/utils/lifecycle.js:255:16)
14 verbose stack     at emitTwo (events.js:106:13)
14 verbose stack     at EventEmitter.emit (events.js:191:7)
14 verbose stack     at ChildProcess.<anonymous> (/usr/local/lib/node_modules/npm/lib/utils/spawn.js:40:14)
14 verbose stack     at emitTwo (events.js:106:13)
14 verbose stack     at ChildProcess.emit (events.js:191:7)
14 verbose stack     at maybeClose (internal/child_process.js:877:16)
14 verbose stack     at Process.ChildProcess._handle.onexit (internal/child_process.js:226:5)
15 verbose pkgid fem-ng2-ngrx-app@0.0.1
16 verbose cwd /Users/sam/Documents/App/ng2-ngrx-app
17 error Darwin 15.6.0
18 error argv "/usr/local/Cellar/node/6.6.0/bin/node" "/usr/local/bin/npm" "run" "server"
19 error node v6.6.0
20 error npm  v3.10.7
21 error code ELIFECYCLE
22 error fem-ng2-ngrx-app@0.0.1 server: `json-server --watch server/api/db.json`
22 error Exit status 1
23 error Failed at the fem-ng2-ngrx-app@0.0.1 server script 'json-server --watch server/api/db.json'.
23 error Make sure you have the latest version of node.js and npm installed.
23 error If you do, this is most likely a problem with the fem-ng2-ngrx-app package,
23 error not with npm itself.
23 error Tell the author that this fails on your system:
23 error     json-server --watch server/api/db.json
23 error You can get information on how to open an issue for this project with:
23 error     npm bugs fem-ng2-ngrx-app
23 error Or if that isn't available, you can get their info via:
23 error     npm owner ls fem-ng2-ngrx-app
23 error There is likely additional logging output above.
24 verbose exit [ 1, true ]
